<?xml version="1.0" encoding="UTF-8"?>
<testng-results ignored="0" total="3" passed="3" failed="0" skipped="0">
  <reporter-output>
  </reporter-output>
  <suite started-at="2024-04-02T20:06:38 CEST" name="Default suite" finished-at="2024-04-02T20:06:41 CEST" duration-ms="2631">
    <groups>
    </groups>
    <test started-at="2024-04-02T20:06:38 CEST" name="Default test" finished-at="2024-04-02T20:06:41 CEST" duration-ms="2631">
      <class name="DynamicJson">
        <test-method signature="addBook(java.lang.String,java.lang.String)[pri:0, instance:DynamicJson@47e2e487]" started-at="2024-04-02T20:06:38 CEST" name="addBook" data-provider="BooksData" finished-at="2024-04-02T20:06:40 CEST" duration-ms="1595" status="PASS">
          <params>
            <param index="0">
              <value>
                <![CDATA[nino]]>
              </value>
            </param>
            <param index="1">
              <value>
                <![CDATA[2499]]>
              </value>
            </param>
          </params>
          <reporter-output>
          </reporter-output>
        </test-method> <!-- addBook -->
        <test-method signature="addBook(java.lang.String,java.lang.String)[pri:0, instance:DynamicJson@47e2e487]" started-at="2024-04-02T20:06:40 CEST" name="addBook" data-provider="BooksData" finished-at="2024-04-02T20:06:40 CEST" duration-ms="508" status="PASS">
          <params>
            <param index="0">
              <value>
                <![CDATA[mite]]>
              </value>
            </param>
            <param index="1">
              <value>
                <![CDATA[3095]]>
              </value>
            </param>
          </params>
          <reporter-output>
          </reporter-output>
        </test-method> <!-- addBook -->
        <test-method signature="addBook(java.lang.String,java.lang.String)[pri:0, instance:DynamicJson@47e2e487]" started-at="2024-04-02T20:06:40 CEST" name="addBook" data-provider="BooksData" finished-at="2024-04-02T20:06:41 CEST" duration-ms="502" status="PASS">
          <params>
            <param index="0">
              <value>
                <![CDATA[bobo]]>
              </value>
            </param>
            <param index="1">
              <value>
                <![CDATA[0798]]>
              </value>
            </param>
          </params>
          <reporter-output>
          </reporter-output>
        </test-method> <!-- addBook -->
      </class> <!-- DynamicJson -->
    </test> <!-- Default test -->
  </suite> <!-- Default suite -->
</testng-results>
